Build started 30/11/2015 20:48:13.
     1>Project "E:\Dropbox\Works In Progress\C++ Programs\Mini2D\Mini2D\Mini2D.vcxproj" on node 2 (Build target(s)).
     1>ClCompile:
         C:\Program Files (x86)\Microsoft Visual Studio 14.0\VC\bin\CL.exe /c /I"E:\Dropbox\Works In Progress\C++ Programs\Mini2D\\deps\include" /Zi /nologo /W3 /WX- /O2 /Oi /Oy- /GL /D SFML_STATIC /D WIN32 /D NDEBUG /D _LIB /D _UNICODE /D UNICODE /Gm- /EHsc /MD /GS /Gy /fp:precise /Zc:wchar_t /Zc:forScope /Zc:inline /Fo"Release\\" /Fd"Release\Mini2D.pdb" /Gd /TP /analyze- /errorReport:prompt CollisionObject.cpp CollisionShape.cpp Game.cpp InputManager.cpp Light.cpp RenderManager.cpp Renderer.cpp Ticker.cpp
         CollisionObject.cpp
         CollisionShape.cpp
         Game.cpp
         InputManager.cpp
         Light.cpp
         RenderManager.cpp
         Renderer.cpp
         Ticker.cpp
       Lib:
         C:\Program Files (x86)\Microsoft Visual Studio 14.0\VC\bin\Lib.exe /OUT:"E:\Dropbox\Works In Progress\C++ Programs\Mini2D\Release\Mini2D.lib" /LIBPATH:"E:\Dropbox\Works In Progress\C++ Programs\Mini2D\\deps\lib" /NOLOGO /LTCG Release\CollisionObject.obj
         Release\CollisionShape.obj
         Release\Destroyable.obj
         Release\Game.obj
         Release\Light.obj
         Release\RenderManager.obj
         Release\TextureManager.obj
         Release\InputManager.obj
         Release\PhysicsManager.obj
         Release\Renderer.obj
         Release\TextManager.obj
         Release\Ticker.obj
         Mini2D.vcxproj -> E:\Dropbox\Works In Progress\C++ Programs\Mini2D\Release\Mini2D.lib
     1>Done Building Project "E:\Dropbox\Works In Progress\C++ Programs\Mini2D\Mini2D\Mini2D.vcxproj" (Build target(s)).

Build succeeded.

Time Elapsed 00:00:03.99
