Build started 30/11/2015 16:08:28.
     1>Project "E:\Dropbox\Works In Progress\C++ Programs\Mini2D\Mini2D\Mini2D.vcxproj" on node 2 (Build target(s)).
     1>ClCompile:
         C:\Program Files (x86)\Microsoft Visual Studio 14.0\VC\bin\CL.exe /c /I"E:\Dropbox\Works In Progress\C++ Programs\Mini2D\\deps\include" /ZI /nologo /W3 /WX- /Od /Oy- /D SFML_STATIC /D WIN32 /D _DEBUG /D _LIB /D _UNICODE /D UNICODE /Gm /EHsc /RTC1 /MDd /GS /fp:precise /Zc:wchar_t /Zc:forScope /Zc:inline /Fo"Debug\\" /Fd"Debug\Mini2D.pdb" /Gd /TP /analyze- /errorReport:prompt CollisionObject.cpp CollisionShape.cpp Game.cpp InputManager.cpp Light.cpp RenderManager.cpp Renderer.cpp Ticker.cpp
         RenderManager.cpp
         Generating Code...
         Skipping... (no relevant changes detected)
         Ticker.cpp
         Renderer.cpp
         Light.cpp
         InputManager.cpp
         Game.cpp
         CollisionShape.cpp
         CollisionObject.cpp
       Lib:
         C:\Program Files (x86)\Microsoft Visual Studio 14.0\VC\bin\Lib.exe /OUT:"E:\Dropbox\Works In Progress\C++ Programs\Mini2D\Debug\Mini2D.lib" /LIBPATH:"E:\Dropbox\Works In Progress\C++ Programs\Mini2D\\deps\lib" /NOLOGO Debug\CollisionObject.obj
         Debug\CollisionShape.obj
         Debug\Destroyable.obj
         Debug\Game.obj
         Debug\Light.obj
         Debug\RenderManager.obj
         Debug\TextureManager.obj
         Debug\InputManager.obj
         Debug\PhysicsManager.obj
         Debug\Renderer.obj
         Debug\TextManager.obj
         Debug\Ticker.obj
         Mini2D.vcxproj -> E:\Dropbox\Works In Progress\C++ Programs\Mini2D\Debug\Mini2D.lib
     1>Done Building Project "E:\Dropbox\Works In Progress\C++ Programs\Mini2D\Mini2D\Mini2D.vcxproj" (Build target(s)).

Build succeeded.

Time Elapsed 00:00:00.68
