e:\dropbox\works in progress\c++ programs\mini2d\mini2d\debug\mini2d.pdb
e:\dropbox\works in progress\c++ programs\mini2d\mini2d\debug\mini2d.idb
e:\dropbox\works in progress\c++ programs\mini2d\mini2d\debug\collisionobject.obj
e:\dropbox\works in progress\c++ programs\mini2d\mini2d\debug\collisionshape.obj
e:\dropbox\works in progress\c++ programs\mini2d\mini2d\debug\destroyable.obj
e:\dropbox\works in progress\c++ programs\mini2d\mini2d\debug\game.obj
e:\dropbox\works in progress\c++ programs\mini2d\mini2d\debug\light.obj
e:\dropbox\works in progress\c++ programs\mini2d\mini2d\debug\texturemanager.obj
e:\dropbox\works in progress\c++ programs\mini2d\mini2d\debug\inputmanager.obj
e:\dropbox\works in progress\c++ programs\mini2d\mini2d\debug\physicsmanager.obj
e:\dropbox\works in progress\c++ programs\mini2d\mini2d\debug\renderer.obj
e:\dropbox\works in progress\c++ programs\mini2d\mini2d\debug\textmanager.obj
e:\dropbox\works in progress\c++ programs\mini2d\mini2d\debug\ticker.obj
e:\dropbox\works in progress\c++ programs\mini2d\debug\mini2d.lib
e:\dropbox\works in progress\c++ programs\mini2d\debug\mini2d.pdb
e:\dropbox\works in progress\c++ programs\mini2d\mini2d\debug\mini2d.tlog\cl.command.1.tlog
e:\dropbox\works in progress\c++ programs\mini2d\mini2d\debug\mini2d.tlog\cl.read.1.tlog
e:\dropbox\works in progress\c++ programs\mini2d\mini2d\debug\mini2d.tlog\cl.write.1.tlog
e:\dropbox\works in progress\c++ programs\mini2d\mini2d\debug\mini2d.tlog\lib-link.read.1.tlog
e:\dropbox\works in progress\c++ programs\mini2d\mini2d\debug\mini2d.tlog\lib-link.write.1.tlog
e:\dropbox\works in progress\c++ programs\mini2d\mini2d\debug\mini2d.tlog\lib.command.1.tlog
